The system is: Windows - 10.0.22000 - AMD64
Compiling the C compiler identification source file "CMakeCCompilerId.c" succeeded.
Compiler: D:/soft/VisuaStudio2022/VC/Tools/MSVC/14.33.31629/bin/Hostx64/x64/cl.exe 
Build flags: 
Id flags:  

The output was:
0
用于 x64 的 Microsoft (R) C/C++ 优化编译器 19.33.31630 版
版权所有(C) Microsoft Corporation。保留所有权利。

CMakeCCompilerId.c
Microsoft (R) Incremental Linker Version 14.33.31630.0
Copyright (C) Microsoft Corporation.  All rights reserved.

/out:CMakeCCompilerId.exe 
CMakeCCompilerId.obj 


Compilation of the C compiler identification source "CMakeCCompilerId.c" produced "CMakeCCompilerId.exe"

Compilation of the C compiler identification source "CMakeCCompilerId.c" produced "CMakeCCompilerId.obj"

The C compiler identification is MSVC, found in "D:/Projects/PUniMolSys/Auxiliary/GenerateOPLSForceField/cmake-build-debug/CMakeFiles/3.23.2/CompilerIdC/CMakeCCompilerId.exe"

Compiling the CXX compiler identification source file "CMakeCXXCompilerId.cpp" succeeded.
Compiler: D:/soft/VisuaStudio2022/VC/Tools/MSVC/14.33.31629/bin/Hostx64/x64/cl.exe 
Build flags: 
Id flags:  

The output was:
0
用于 x64 的 Microsoft (R) C/C++ 优化编译器 19.33.31630 版
版权所有(C) Microsoft Corporation。保留所有权利。

CMakeCXXCompilerId.cpp
Microsoft (R) Incremental Linker Version 14.33.31630.0
Copyright (C) Microsoft Corporation.  All rights reserved.

/out:CMakeCXXCompilerId.exe 
CMakeCXXCompilerId.obj 


Compilation of the CXX compiler identification source "CMakeCXXCompilerId.cpp" produced "CMakeCXXCompilerId.exe"

Compilation of the CXX compiler identification source "CMakeCXXCompilerId.cpp" produced "CMakeCXXCompilerId.obj"

The CXX compiler identification is MSVC, found in "D:/Projects/PUniMolSys/Auxiliary/GenerateOPLSForceField/cmake-build-debug/CMakeFiles/3.23.2/CompilerIdCXX/CMakeCXXCompilerId.exe"

Detecting C compiler ABI info compiled with the following output:
Change Dir: D:/Projects/PUniMolSys/Auxiliary/GenerateOPLSForceField/cmake-build-debug/CMakeFiles/CMakeTmp

Run Build Command(s):nmake -f Makefile /nologo cmTC_b7bef\fast && 	D:\soft\VisuaStudio2022\VC\Tools\MSVC\14.33.31629\bin\HostX64\x64\nmake.exe  -f CMakeFiles\cmTC_b7bef.dir\build.make /nologo -L                  CMakeFiles\cmTC_b7bef.dir\build
Building C object CMakeFiles/cmTC_b7bef.dir/CMakeCCompilerABI.c.obj
	D:\soft\CLion\bin\cmake\win\bin\cmake.exe -E cmake_cl_compile_depends --dep-file=CMakeFiles\cmTC_b7bef.dir\CMakeCCompilerABI.c.obj.d --working-dir=D:\Projects\PUniMolSys\Auxiliary\GenerateOPLSForceField\cmake-build-debug\CMakeFiles\CMakeTmp --filter-prefix="注意: 包含文件:  " -- D:\soft\VisuaStudio2022\VC\Tools\MSVC\14.33.31629\bin\Hostx64\x64\cl.exe @C:\Users\me\AppData\Local\Temp\nm5D6E.tmp
CMakeCCompilerABI.c
?鈷? 鍖呭惈鏂囦欢:  D:\soft\CLion\bin\cmake\win\share\cmake-3.23\Modules\CMakeCompilerABI.h
Linking C executable cmTC_b7bef.exe
	D:\soft\CLion\bin\cmake\win\bin\cmake.exe -E vs_link_exe --intdir=CMakeFiles\cmTC_b7bef.dir --rc="D:\Windows Kits\10\bin\10.0.19041.0\x64\rc.exe" --mt="D:\Windows Kits\10\bin\10.0.19041.0\x64\mt.exe" --manifests -- D:\soft\VisuaStudio2022\VC\Tools\MSVC\14.33.31629\bin\Hostx64\x64\link.exe /nologo @CMakeFiles\cmTC_b7bef.dir\objects1.rsp @C:\Users\me\AppData\Local\Temp\nm5DBE.tmp



Detecting CXX compiler ABI info compiled with the following output:
Change Dir: D:/Projects/PUniMolSys/Auxiliary/GenerateOPLSForceField/cmake-build-debug/CMakeFiles/CMakeTmp

Run Build Command(s):nmake -f Makefile /nologo cmTC_0ea27\fast && 	D:\soft\VisuaStudio2022\VC\Tools\MSVC\14.33.31629\bin\HostX64\x64\nmake.exe  -f CMakeFiles\cmTC_0ea27.dir\build.make /nologo -L                  CMakeFiles\cmTC_0ea27.dir\build
Building CXX object CMakeFiles/cmTC_0ea27.dir/CMakeCXXCompilerABI.cpp.obj
	D:\soft\CLion\bin\cmake\win\bin\cmake.exe -E cmake_cl_compile_depends --dep-file=CMakeFiles\cmTC_0ea27.dir\CMakeCXXCompilerABI.cpp.obj.d --working-dir=D:\Projects\PUniMolSys\Auxiliary\GenerateOPLSForceField\cmake-build-debug\CMakeFiles\CMakeTmp --filter-prefix="注意: 包含文件:  " -- D:\soft\VisuaStudio2022\VC\Tools\MSVC\14.33.31629\bin\Hostx64\x64\cl.exe @C:\Users\me\AppData\Local\Temp\nm600D.tmp
CMakeCXXCompilerABI.cpp
?鈷? 鍖呭惈鏂囦欢:  D:\soft\CLion\bin\cmake\win\share\cmake-3.23\Modules\CMakeCompilerABI.h
Linking CXX executable cmTC_0ea27.exe
	D:\soft\CLion\bin\cmake\win\bin\cmake.exe -E vs_link_exe --intdir=CMakeFiles\cmTC_0ea27.dir --rc="D:\Windows Kits\10\bin\10.0.19041.0\x64\rc.exe" --mt="D:\Windows Kits\10\bin\10.0.19041.0\x64\mt.exe" --manifests -- D:\soft\VisuaStudio2022\VC\Tools\MSVC\14.33.31629\bin\Hostx64\x64\link.exe /nologo @CMakeFiles\cmTC_0ea27.dir\objects1.rsp @C:\Users\me\AppData\Local\Temp\nm604D.tmp



